Using pre-set license
Built from '2020.3/staging' branch; Version is '2020.3.5f1 (8095aa901b9b) revision 8426922'; Using compiler version '192528614'; Build Type 'Release'
OS: 'Windows 10 Pro; OS build 19043.1288; Version 2009; 64bit' Language: 'en' Physical Memory: 16177 MB
BatchMode: 1, IsHumanControllingUs: 0, StartBugReporterOnCrash: 0, Is64bit: 1, IsPro: 0

 COMMAND LINE ARGUMENTS:
C:\Program Files\Unity\Hub\Editor\2020.3.5f1\Editor\Unity.exe
-adb2
-batchMode
-noUpm
-name
AssetImportWorker0
-projectPath
X:/002_Mediacollege/Periode1/PROG/UnityTD/TD_Game
-logFile
Logs/AssetImportWorker0.log
-srvPort
57318
Successfully changed project path to: X:/002_Mediacollege/Periode1/PROG/UnityTD/TD_Game
X:/002_Mediacollege/Periode1/PROG/UnityTD/TD_Game
Using Asset Import Pipeline V2.
Refreshing native plugins compatible for Editor in 31.49 ms, found 0 plugins.
Preloading 0 native plugins for Editor in 0.00 ms.
Initialize engine version: 2020.3.5f1 (8095aa901b9b)
[Subsystems] Discovering subsystems at path C:/Program Files/Unity/Hub/Editor/2020.3.5f1/Editor/Data/Resources/UnitySubsystems
[Subsystems] Discovering subsystems at path X:/002_Mediacollege/Periode1/PROG/UnityTD/TD_Game/Assets
GfxDevice: creating device client; threaded=0
Direct3D:
    Version:  Direct3D 11.0 [level 11.1]
    Renderer: NVIDIA GeForce RTX 2060 (ID=0x1f11)
    Vendor:   
    VRAM:     5980 MB
    Driver:   27.21.14.6618
Initialize mono
Mono path[0] = 'C:/Program Files/Unity/Hub/Editor/2020.3.5f1/Editor/Data/Managed'
Mono path[1] = 'C:/Program Files/Unity/Hub/Editor/2020.3.5f1/Editor/Data/MonoBleedingEdge/lib/mono/unityjit'
Mono config path = 'C:/Program Files/Unity/Hub/Editor/2020.3.5f1/Editor/Data/MonoBleedingEdge/etc'
Using monoOptions --debugger-agent=transport=dt_socket,embedding=1,server=y,suspend=n,address=127.0.0.1:56084
Begin MonoManager ReloadAssembly
Registering precompiled unity dll's ...
Register platform support module: C:/Program Files/Unity/Hub/Editor/2020.3.5f1/Editor/Data/PlaybackEngines/WindowsStandaloneSupport/UnityEditor.WindowsStandalone.Extensions.dll
Registered in 0.003557 seconds.
Native extension for WindowsStandalone target not found
Refreshing native plugins compatible for Editor in 29.70 ms, found 0 plugins.
Preloading 0 native plugins for Editor in 0.00 ms.
Mono: successfully reloaded assembly
- Completed reload, in  3.062 seconds
Platform modules already initialized, skipping
Registering precompiled user dll's ...
Registered in 0.000866 seconds.
Begin MonoManager ReloadAssembly
Native extension for WindowsStandalone target not found
Refreshing native plugins compatible for Editor in 0.27 ms, found 0 plugins.
Preloading 0 native plugins for Editor in 0.00 ms.
Mono: successfully reloaded assembly
- Completed reload, in  1.075 seconds
Platform modules already initialized, skipping
========================================================================
Worker process is ready to serve import requests
Launched and connected shader compiler UnityShaderCompiler.exe after 0.12 seconds
Refreshing native plugins compatible for Editor in 0.42 ms, found 0 plugins.
Preloading 0 native plugins for Editor in 0.00 ms.
Unloading 1147 Unused Serialized files (Serialized files now loaded: 0)
System memory in use before: 60.1 MB.
System memory in use after: 60.1 MB.

Unloading 9 unused Assets to reduce memory usage. Loaded Objects now: 1593.
Total: 2.937400 ms (FindLiveObjects: 0.245000 ms CreateObjectMapping: 0.101300 ms MarkObjects: 2.489200 ms  DeleteObjects: 0.100300 ms)

========================================================================
Received Import Request.
  path: Assets/Prefabs/Turrets_Finalised/Tile_Tower_3 1.prefab
  artifactKey: Guid(b777853402ec602468483ecd15409e91) Importer(815301076,1909f56bfc062723c751e8b465ee728b)
Start importing Assets/Prefabs/Turrets_Finalised/Tile_Tower_3 1.prefab using Guid(b777853402ec602468483ecd15409e91) Importer(815301076,1909f56bfc062723c751e8b465ee728b)  -> (artifact id: 'b1c9052d92da557aaa79c34e7c6f5f91') in 0.169542 seconds
  Import took 0.173348 seconds .

========================================================================
Received Import Request.
  Time since last request: 0.000344 seconds.
  path: Assets/Prefabs/Turrets_Finalised/Tile_Tower_4.prefab
  artifactKey: Guid(e784c74fa8f2b564aa3dbd468851d428) Importer(815301076,1909f56bfc062723c751e8b465ee728b)
Start importing Assets/Prefabs/Turrets_Finalised/Tile_Tower_4.prefab using Guid(e784c74fa8f2b564aa3dbd468851d428) Importer(815301076,1909f56bfc062723c751e8b465ee728b)  -> (artifact id: 'ddb3e350f3c6cbe0222208a6c6088f07') in 0.026382 seconds
  Import took 0.030620 seconds .

========================================================================
Received Import Request.
  Time since last request: 0.000356 seconds.
  path: Assets/Prefabs/Turrets_Finalised/Tile_Tower_2.prefab
  artifactKey: Guid(70f41918d625a2c4783843483d25dec1) Importer(815301076,1909f56bfc062723c751e8b465ee728b)
Start importing Assets/Prefabs/Turrets_Finalised/Tile_Tower_2.prefab using Guid(70f41918d625a2c4783843483d25dec1) Importer(815301076,1909f56bfc062723c751e8b465ee728b)  -> (artifact id: '952e404797e2801209ad0cee322a41d7') in 0.026102 seconds
  Import took 0.029718 seconds .

========================================================================
Received Import Request.
  Time since last request: 0.000398 seconds.
  path: Assets/Prefabs/Turrets_Finalised/Tile_Tower_1.prefab
  artifactKey: Guid(9e62ff35cec7b4c488c17534665704ec) Importer(815301076,1909f56bfc062723c751e8b465ee728b)
Start importing Assets/Prefabs/Turrets_Finalised/Tile_Tower_1.prefab using Guid(9e62ff35cec7b4c488c17534665704ec) Importer(815301076,1909f56bfc062723c751e8b465ee728b)  -> (artifact id: '50c850f8b16936944e66ef4b8a1e370d') in 0.013089 seconds
  Import took 0.017016 seconds .

========================================================================
Received Prepare
Registering precompiled user dll's ...
Registered in 0.001545 seconds.
Begin MonoManager ReloadAssembly
Native extension for WindowsStandalone target not found
Refreshing native plugins compatible for Editor in 0.25 ms, found 0 plugins.
Preloading 0 native plugins for Editor in 0.00 ms.
Mono: successfully reloaded assembly
- Completed reload, in  1.314 seconds
Platform modules already initialized, skipping
Refreshing native plugins compatible for Editor in 0.27 ms, found 0 plugins.
Preloading 0 native plugins for Editor in 0.00 ms.
Unloading 1128 Unused Serialized files (Serialized files now loaded: 0)
System memory in use before: 61.8 MB.
System memory in use after: 61.9 MB.

Unloading 6 unused Assets to reduce memory usage. Loaded Objects now: 1603.
Total: 2.746600 ms (FindLiveObjects: 0.329100 ms CreateObjectMapping: 0.096200 ms MarkObjects: 2.267300 ms  DeleteObjects: 0.052400 ms)

AssetImportWorkerClient::OnTransportError - code=2 error=End of file
